#
# There is insufficient memory for the Java Runtime Environment to continue.
# Native memory allocation (mmap) failed to map 134217728 bytes. Error detail: G1 virtual space
# Possible reasons:
#   The system is out of physical RAM or swap space
#   This process is running with CompressedOops enabled, and the Java Heap may be blocking the growth of the native heap
# Possible solutions:
#   Reduce memory load on the system
#   Increase physical memory or swap space
#   Check if swap backing store is full
#   Decrease Java heap size (-Xmx/-Xms)
#   Decrease number of Java threads
#   Decrease Java thread stack sizes (-Xss)
#   Set larger code cache with -XX:ReservedCodeCacheSize=
#   JVM is running with Unscaled Compressed Oops mode in which the Java heap is
#     placed in the first 4GB address space. The Java Heap base address is the
#     maximum limit for the native heap growth. Please use -XX:HeapBaseMinAddress
#     to set the Java Heap base and to place the Java Heap above 4GB virtual address.
# This output file may be truncated or incomplete.
#
#  Out of Memory Error (os_windows.cpp:3616), pid=30836, tid=29880
#
# JRE version:  (21.0.5+11) (build )
# Java VM: OpenJDK 64-Bit Server VM (21.0.5+11-LTS, mixed mode, sharing, tiered, compressed oops, compressed class ptrs, g1 gc, windows-amd64)
# No core dump will be written. Minidumps are not enabled by default on client versions of Windows
#

---------------  S U M M A R Y ------------

Command Line: -Dmaven.multiModuleProjectDirectory=C:\libraryApi -Djansi.passthrough=true -Dmaven.home=C:\Users\Samuel\.m2\wrapper\dists\apache-maven-3.9.9-bin\4nf9hui3q3djbarqar9g711ggc\apache-maven-3.9.9 -Dclassworlds.conf=C:\Users\Samuel\.m2\wrapper\dists\apache-maven-3.9.9-bin\4nf9hui3q3djbarqar9g711ggc\apache-maven-3.9.9\bin\m2.conf -Dmaven.ext.class.path=C:\Program Files\JetBrains\IntelliJ IDEA Community Edition 2024.2.3\plugins\maven\lib\maven-event-listener.jar -javaagent:C:\Program Files\JetBrains\IntelliJ IDEA Community Edition 2024.2.3\lib\idea_rt.jar=59424:C:\Program Files\JetBrains\IntelliJ IDEA Community Edition 2024.2.3\bin -Dfile.encoding=UTF-8 -Dsun.stdout.encoding=UTF-8 -Dsun.stderr.encoding=UTF-8 org.codehaus.classworlds.Launcher -Didea.version=2024.2.3 -DskipTests=true clean install

Host: Intel(R) Core(TM) i3-3220 CPU @ 3.30GHz, 4 cores, 7G,  Windows 10 , 64 bit Build 19041 (10.0.19041.5072)
Time: Wed Nov 20 15:56:19 2024 Hora oficial do Brasil elapsed time: 0.114725 seconds (0d 0h 0m 0s)

---------------  T H R E A D  ---------------

Current thread (0x0000028ef2c02430):  JavaThread "Unknown thread" [_thread_in_vm, id=29880, stack(0x000000fe5dc00000,0x000000fe5dd00000) (1024K)]

Stack: [0x000000fe5dc00000,0x000000fe5dd00000]
Native frames: (J=compiled Java code, j=interpreted, Vv=VM code, C=native code)
V  [jvm.dll+0x6fa929]
V  [jvm.dll+0x8de25f]
V  [jvm.dll+0x8e0658]
V  [jvm.dll+0x8e0db3]
V  [jvm.dll+0x299766]
V  [jvm.dll+0x6f6f85]
V  [jvm.dll+0x6eb80a]
V  [jvm.dll+0x37496a]
V  [jvm.dll+0x37c676]
V  [jvm.dll+0x3d1025]
V  [jvm.dll+0x3d12e8]
V  [jvm.dll+0x3466e3]
V  [jvm.dll+0x34729b]
V  [jvm.dll+0x8a5711]
V  [jvm.dll+0x3de561]
V  [jvm.dll+0x88de73]
V  [jvm.dll+0x474aee]
V  [jvm.dll+0x4765b1]
C  [jli.dll+0x53a5]
C  [ucrtbase.dll+0x21bb2]
C  [KERNEL32.DLL+0x17374]
C  [ntdll.dll+0x4cc91]


---------------  P R O C E S S  ---------------

Threads class SMR info:
_java_thread_list=0x00007ff8ecd95148, length=0, elements={
}

Java Threads: ( => current thread )
Total: 0

Other Threads:
  0x0000028ef4e04620 WorkerThread "GC Thread#0"                     [id=6984, stack(0x000000fe5dd00000,0x000000fe5de00000) (1024K)]
  0x0000028ef4e151a0 ConcurrentGCThread "G1 Main Marker"            [id=33748, stack(0x000000fe5de00000,0x000000fe5df00000) (1024K)]
  0x0000028ef4e15bc0 WorkerThread "G1 Conc#0"                       [id=6828, stack(0x000000fe5df00000,0x000000fe5e000000) (1024K)]

[error occurred during error reporting (printing all threads), id 0xc0000005, EXCEPTION_ACCESS_VIOLATION (0xc0000005) at pc=0x00007ff8ec46a297]
VM state: not at safepoint (not fully initialized)

VM Mutex/Monitor currently owned by a thread:  ([mutex/lock_event])
[0x00007ff8ece09ca0] Heap_lock - owner thread: 0x0000028ef2c02430

Heap address: 0x0000000081c00000, size: 2020 MB, Compressed Oops mode: 32-bit

CDS archive(s) mapped at: [0x0000000000000000-0x0000000000000000-0x0000000000000000), size 0, SharedBaseAddress: 0x0000000800000000, ArchiveRelocationMode: 1.
Narrow klass base: 0x0000000000000000, Narrow klass shift: 0, Narrow klass range: 0x0

GC Precious Log:
 CardTable entry size: 512
 Card Set container configuration: InlinePtr #cards 5 size 8 Array Of Cards #cards 12 size 40 Howl #buckets 4 coarsen threshold 1843 Howl Bitmap #cards 512 size 80 coarsen threshold 460 Card regions per heap region 1 cards per card region 2048

Heap:
 garbage-first heap   total 0K, used 0K [0x0000000081c00000, 0x0000000100000000)
  region size 1024K, 0 young (0K), 0 survivors (0K)

[error occurred during error reporting (printing heap information), id 0xc0000005, EXCEPTION_ACCESS_VIOLATION (0xc0000005) at pc=0x00007ff8ec866f89]
GC Heap History (0 events):
No events

Dll operation events (1 events):
Event: 0.100 Loaded shared library C:\Users\Samuel\.jdks\azul-21.0.5\bin\java.dll

Deoptimization events (0 events):
No events

Classes loaded (0 events):
No events

Classes unloaded (0 events):
No events

Classes redefined (0 events):
No events

Internal exceptions (0 events):
No events

ZGC Phase Switch (0 events):
No events

VM Operations (0 events):
No events

Memory protections (0 events):
No events

Nmethod flushes (0 events):
No events

Events (0 events):
No events


Dynamic libraries:
0x00007ff78cc20000 - 0x00007ff78cc2e000 	C:\Users\Samuel\.jdks\azul-21.0.5\bin\java.exe
0x00007ff95c890000 - 0x00007ff95ca88000 	C:\Windows\SYSTEM32\ntdll.dll
0x00007ff95af00000 - 0x00007ff95afc2000 	C:\Windows\System32\KERNEL32.DLL
0x00007ff95a450000 - 0x00007ff95a74e000 	C:\Windows\System32\KERNELBASE.dll
0x00007ff95a050000 - 0x00007ff95a150000 	C:\Windows\System32\ucrtbase.dll
0x00007ff954050000 - 0x00007ff954069000 	C:\Users\Samuel\.jdks\azul-21.0.5\bin\jli.dll
0x00007ff953f30000 - 0x00007ff953f4b000 	C:\Users\Samuel\.jdks\azul-21.0.5\bin\VCRUNTIME140.dll
0x00007ff95b610000 - 0x00007ff95b7ad000 	C:\Windows\System32\USER32.dll
0x00007ff95a2a0000 - 0x00007ff95a2c2000 	C:\Windows\System32\win32u.dll
0x00007ff95b7b0000 - 0x00007ff95b7db000 	C:\Windows\System32\GDI32.dll
0x00007ff959f30000 - 0x00007ff95a047000 	C:\Windows\System32\gdi32full.dll
0x00007ff95a380000 - 0x00007ff95a41d000 	C:\Windows\System32\msvcp_win.dll
0x00007ff943170000 - 0x00007ff94340a000 	C:\Windows\WinSxS\amd64_microsoft.windows.common-controls_6595b64144ccf1df_6.0.19041.4355_none_60b8b9eb71f62e16\COMCTL32.dll
0x00007ff95b3c0000 - 0x00007ff95b45e000 	C:\Windows\System32\msvcrt.dll
0x00007ff95aad0000 - 0x00007ff95aaff000 	C:\Windows\System32\IMM32.DLL
0x00007ff956a00000 - 0x00007ff956a0c000 	C:\Users\Samuel\.jdks\azul-21.0.5\bin\vcruntime140_1.dll
0x00007ff94aad0000 - 0x00007ff94ab5e000 	C:\Users\Samuel\.jdks\azul-21.0.5\bin\msvcp140.dll
0x00007ff8ec110000 - 0x00007ff8eceed000 	C:\Users\Samuel\.jdks\azul-21.0.5\bin\server\jvm.dll
0x00007ff95c320000 - 0x00007ff95c3d1000 	C:\Windows\System32\ADVAPI32.dll
0x00007ff95b8c0000 - 0x00007ff95b95f000 	C:\Windows\System32\sechost.dll
0x00007ff95ac80000 - 0x00007ff95ada3000 	C:\Windows\System32\RPCRT4.dll
0x00007ff95a420000 - 0x00007ff95a447000 	C:\Windows\System32\bcrypt.dll
0x00007ff95ab00000 - 0x00007ff95ab6b000 	C:\Windows\System32\WS2_32.dll
0x00007ff959d90000 - 0x00007ff959ddb000 	C:\Windows\SYSTEM32\POWRPROF.dll
0x00007ff943b10000 - 0x00007ff943b37000 	C:\Windows\SYSTEM32\WINMM.dll
0x00007ff949090000 - 0x00007ff94909a000 	C:\Windows\SYSTEM32\VERSION.dll
0x00007ff959d70000 - 0x00007ff959d82000 	C:\Windows\SYSTEM32\UMPDC.dll
0x00007ff957d90000 - 0x00007ff957da2000 	C:\Windows\SYSTEM32\kernel.appcore.dll
0x00007ff9563d0000 - 0x00007ff9563da000 	C:\Users\Samuel\.jdks\azul-21.0.5\bin\jimage.dll
0x00007ff945a60000 - 0x00007ff945c44000 	C:\Windows\SYSTEM32\DBGHELP.DLL
0x00007ff945a20000 - 0x00007ff945a54000 	C:\Windows\SYSTEM32\dbgcore.DLL
0x00007ff95a1c0000 - 0x00007ff95a242000 	C:\Windows\System32\bcryptPrimitives.dll
0x00007ff953250000 - 0x00007ff953260000 	C:\Users\Samuel\.jdks\azul-21.0.5\bin\instrument.dll
0x00007ff953290000 - 0x00007ff9532b2000 	C:\Users\Samuel\.jdks\azul-21.0.5\bin\java.dll

dbghelp: loaded successfully - version: 4.0.5 - missing functions: none
symbol engine: initialized successfully - sym options: 0x614 - pdb path: .;C:\Users\Samuel\.jdks\azul-21.0.5\bin;C:\Windows\SYSTEM32;C:\Windows\WinSxS\amd64_microsoft.windows.common-controls_6595b64144ccf1df_6.0.19041.4355_none_60b8b9eb71f62e16;C:\Users\Samuel\.jdks\azul-21.0.5\bin\server

VM Arguments:
jvm_args: -Dmaven.multiModuleProjectDirectory=C:\libraryApi -Djansi.passthrough=true -Dmaven.home=C:\Users\Samuel\.m2\wrapper\dists\apache-maven-3.9.9-bin\4nf9hui3q3djbarqar9g711ggc\apache-maven-3.9.9 -Dclassworlds.conf=C:\Users\Samuel\.m2\wrapper\dists\apache-maven-3.9.9-bin\4nf9hui3q3djbarqar9g711ggc\apache-maven-3.9.9\bin\m2.conf -Dmaven.ext.class.path=C:\Program Files\JetBrains\IntelliJ IDEA Community Edition 2024.2.3\plugins\maven\lib\maven-event-listener.jar -javaagent:C:\Program Files\JetBrains\IntelliJ IDEA Community Edition 2024.2.3\lib\idea_rt.jar=59424:C:\Program Files\JetBrains\IntelliJ IDEA Community Edition 2024.2.3\bin -Dfile.encoding=UTF-8 -Dsun.stdout.encoding=UTF-8 -Dsun.stderr.encoding=UTF-8 
java_command: org.codehaus.classworlds.Launcher -Didea.version=2024.2.3 -DskipTests=true clean install
java_class_path (initial): C:\Users\Samuel\.m2\wrapper\dists\apache-maven-3.9.9-bin\4nf9hui3q3djbarqar9g711ggc\apache-maven-3.9.9\boot\plexus-classworlds-2.8.0.jar;C:\Users\Samuel\.m2\wrapper\dists\apache-maven-3.9.9-bin\4nf9hui3q3djbarqar9g711ggc\apache-maven-3.9.9\boot\plexus-classworlds.license
Launcher Type: SUN_STANDARD

[Global flags]
     intx CICompilerCount                          = 3                                         {product} {ergonomic}
     uint ConcGCThreads                            = 1                                         {product} {ergonomic}
     uint G1ConcRefinementThreads                  = 4                                         {product} {ergonomic}
   size_t G1HeapRegionSize                         = 1048576                                   {product} {ergonomic}
    uintx GCDrainStackTargetSize                   = 64                                        {product} {ergonomic}
   size_t InitialHeapSize                          = 134217728                                 {product} {ergonomic}
   size_t MarkStackSize                            = 4194304                                   {product} {ergonomic}
   size_t MaxHeapSize                              = 2118123520                                {product} {ergonomic}
   size_t MinHeapDeltaBytes                        = 1048576                                   {product} {ergonomic}
   size_t MinHeapSize                              = 8388608                                   {product} {ergonomic}
    uintx NonNMethodCodeHeapSize                   = 5832780                                {pd product} {ergonomic}
    uintx NonProfiledCodeHeapSize                  = 122912730                              {pd product} {ergonomic}
    uintx ProfiledCodeHeapSize                     = 122912730                              {pd product} {ergonomic}
    uintx ReservedCodeCacheSize                    = 251658240                              {pd product} {ergonomic}
     bool SegmentedCodeCache                       = true                                      {product} {ergonomic}
   size_t SoftMaxHeapSize                          = 2118123520                             {manageable} {ergonomic}
     bool UseCompressedOops                        = true                           {product lp64_product} {ergonomic}
     bool UseG1GC                                  = true                                      {product} {ergonomic}
     bool UseLargePagesIndividualAllocation        = false                                  {pd product} {ergonomic}

Logging:
Log output configuration:
 #0: stdout all=warning uptime,level,tags foldmultilines=false
 #1: stderr all=off uptime,level,tags foldmultilines=false

Environment Variables:
JAVA_HOME=C:\Program Files\JAVA\zulu17.48.15-ca-jdk17.0.10-win_x64
PATH=C:\Windows\system32;C:\Windows;C:\Windows\System32\Wbem;C:\Windows\System32\WindowsPowerShell\v1.0\;C:\Windows\System32\OpenSSH\;C:\Program Files\dotnet\;C:\Program Files\JAVA\zulu17.48.15-ca-jdk17.0.10-win_x64\bin;C:\Program Files\Maven\apache-maven-3.9.6\bin;C:\Program Files (x86)\HP\HP OCR\DB_Lib\;C:\Program Files\HP\Common\HPDestPlgIn\;C:\Program Files (x86)\HP\Common\HPDestPlgIn\;C:\Program Files\Microsoft VS Code\bin;C:\Program Files\Git\cmd;C:\Program Files\nodejs\;C:\Program Files\Docker\Docker\resources\bin;C:\Users\Samuel\AppData\Local\Microsoft\WindowsApps;C:\Users\Samuel\AppData\Local\Programs\Microsoft VS Code\bin;C:\Program Files\HP\Common\HPDestPlgIn\;C:\Program Files (x86)\HP\Common\HPDestPlgIn\;C:\Users\Samuel\AppData\Local\GitHubDesktop\bin;C:\Users\Samuel\AppData\Roaming\npm
USERNAME=Samuel
OS=Windows_NT
PROCESSOR_IDENTIFIER=Intel64 Family 6 Model 58 Stepping 9, GenuineIntel
TMP=C:\Users\Samuel\AppData\Local\Temp
TEMP=C:\Users\Samuel\AppData\Local\Temp




Periodic native trim disabled

---------------  S Y S T E M  ---------------

OS:
 Windows 10 , 64 bit Build 19041 (10.0.19041.5072)
OS uptime: 1 days 22:57 hours
Hyper-V role detected

CPU: total 4 (initial active 4) (2 cores per cpu, 2 threads per core) family 6 model 58 stepping 9 microcode 0x21, cx8, cmov, fxsr, ht, mmx, sse, sse2, sse3, ssse3, sse4.1, sse4.2, popcnt, tsc, tscinvbit, avx, erms, clmul, vzeroupper, clflush, hv, rdtscp, f16c
Processor Information for all 4 processors :
  Max Mhz: 3300, Current Mhz: 3300, Mhz Limit: 3300

Memory: 4k page, system-wide physical 8077M (290M free)
TotalPageFile size 16269M (AvailPageFile size 7M)
current process WorkingSet (physical memory assigned to process): 11M, peak: 11M
current process commit charge ("private bytes"): 52M, peak: 180M

vm_info: OpenJDK 64-Bit Server VM (21.0.5+11-LTS) for windows-amd64 JRE (21.0.5+11-LTS) (Zulu21.38+21-CA), built on 2024-10-11T20:45:51Z by "zulu_re" with MS VC++ 17.1 (VS2022)

END.
